\BOOKMARK [0][-]{Doc-Start}{\376\377\000H\000A\000L\000A\000M\000A\000N\000\040\000S\000A\000M\000P\000U\000L}{}% 1
\BOOKMARK [0][-]{section*.1}{\376\377\000A\000B\000S\000T\000R\000A\000K}{}% 2
\BOOKMARK [0][-]{section*.2}{\376\377\000A\000B\000S\000T\000R\000A\000C\000T}{}% 3
\BOOKMARK [0][-]{section*.2}{\376\377\000S\000U\000R\000A\000T\000\040\000P\000E\000R\000N\000Y\000A\000T\000A\000A\000N}{}% 4
\BOOKMARK [0][-]{table.caption.3}{\376\377\000L\000E\000M\000B\000A\000R\000\040\000P\000E\000R\000S\000E\000T\000U\000J\000U\000A\000N}{}% 5
\BOOKMARK [0][-]{table.caption.3}{\376\377\000H\000A\000L\000A\000M\000A\000N\000\040\000P\000E\000N\000G\000E\000S\000A\000H\000A\000N}{}% 6
\BOOKMARK [0][-]{section*.5}{\376\377\000H\000A\000L\000A\000M\000A\000N\000\040\000P\000E\000R\000S\000E\000M\000B\000A\000H\000A\000N}{}% 7
\BOOKMARK [0][-]{section*.6}{\376\377\000K\000A\000T\000A\000\040\000P\000E\000N\000G\000A\000N\000T\000A\000R}{}% 8
\BOOKMARK [0][-]{section*.7}{\376\377\000D\000A\000F\000T\000A\000R\000\040\000I\000S\000I}{}% 9
\BOOKMARK [0][-]{section*.8}{\376\377\000D\000A\000F\000T\000A\000R\000\040\000S\000I\000N\000G\000K\000A\000T\000A\000N}{}% 10
\BOOKMARK [0][-]{section*.10}{\376\377\000D\000A\000F\000T\000A\000R\000\040\000G\000A\000M\000B\000A\000R}{}% 11
\BOOKMARK [0][-]{section*.11}{\376\377\000D\000A\000F\000T\000A\000R\000\040\000T\000A\000B\000E\000L}{}% 12
\BOOKMARK [0][-]{chapter.1}{\376\377\000P\000E\000N\000D\000A\000H\000U\000L\000U\000A\000N}{}% 13
\BOOKMARK [1][-]{section.1.1}{\376\377\000L\000a\000t\000a\000r\000\040\000B\000e\000l\000a\000k\000a\000n\000g\000\040\000M\000a\000s\000a\000l\000a\000h}{chapter.1}% 14
\BOOKMARK [1][-]{section.1.2}{\376\377\000I\000d\000e\000n\000t\000i\000f\000i\000k\000a\000s\000i\000\040\000M\000a\000s\000a\000l\000a\000h}{chapter.1}% 15
\BOOKMARK [1][-]{section.1.3}{\376\377\000B\000a\000t\000a\000s\000a\000n\000\040\000M\000a\000s\000a\000l\000a\000h}{chapter.1}% 16
\BOOKMARK [1][-]{section.1.4}{\376\377\000R\000u\000m\000u\000s\000a\000n\000\040\000M\000a\000s\000a\000l\000a\000h}{chapter.1}% 17
\BOOKMARK [1][-]{section.1.5}{\376\377\000T\000u\000j\000u\000a\000n}{chapter.1}% 18
\BOOKMARK [1][-]{section.1.6}{\376\377\000M\000a\000n\000f\000a\000a\000t}{chapter.1}% 19
\BOOKMARK [1][-]{section.1.7}{\376\377\000K\000e\000a\000s\000l\000i\000a\000n\000\040\000G\000a\000g\000a\000s\000a\000n}{chapter.1}% 20
\BOOKMARK [0][-]{chapter.2}{\376\377\000P\000E\000N\000D\000E\000K\000A\000T\000A\000N\000\040\000P\000E\000M\000E\000C\000A\000H\000A\000N\000\040\000M\000A\000S\000A\000L\000A\000H}{}% 21
\BOOKMARK [1][-]{section.2.1}{\376\377\000D\000a\000s\000a\000r\000\040\000T\000e\000o\000r\000i\000\040\0002\000.\0001}{chapter.2}% 22
\BOOKMARK [2][-]{subsection.2.1.1}{\376\377\000S\000u\000b\000\040\000D\000a\000s\000a\000r\000\040\000T\000e\000o\000r\000i\000\040\0002\000.\0001\000.\0001}{section.2.1}% 23
\BOOKMARK [2][-]{subsection.2.1.2}{\376\377\000S\000u\000b\000\040\000D\000a\000s\000a\000r\000\040\000T\000e\000o\000r\000i\000\040\0002\000.\0001\000.\0002}{section.2.1}% 24
\BOOKMARK [2][-]{subsection.2.1.3}{\376\377\000S\000u\000b\000\040\000D\000a\000s\000a\000r\000\040\000T\000e\000o\000r\000i\000\040\0002\000.\0001\000.\0003}{section.2.1}% 25
\BOOKMARK [1][-]{section.2.2}{\376\377\000D\000a\000s\000a\000r\000\040\000T\000e\000o\000r\000i\000\040\0002\000.\0002}{chapter.2}% 26
\BOOKMARK [2][-]{subsection.2.2.1}{\376\377\000S\000u\000b\000\040\000D\000a\000s\000a\000r\000\040\000T\000e\000o\000r\000i\000\040\0002\000.\0002\000.\0001}{section.2.2}% 27
\BOOKMARK [2][-]{subsection.2.2.2}{\376\377\000S\000u\000b\000\040\000D\000a\000s\000a\000r\000\040\000T\000e\000o\000r\000i\000\040\0002\000.\0002\000.\0002}{section.2.2}% 28
\BOOKMARK [2][-]{subsection.2.2.3}{\376\377\000S\000u\000b\000\040\000D\000a\000s\000a\000r\000\040\000T\000e\000o\000r\000i\000\040\0002\000.\0002\000.\0003}{section.2.2}% 29
\BOOKMARK [1][-]{section.2.3}{\376\377\000D\000a\000s\000a\000r\000\040\000T\000e\000o\000r\000i\000\040\0002\000.\0003}{chapter.2}% 30
\BOOKMARK [2][-]{subsection.2.3.1}{\376\377\000S\000u\000b\000\040\000D\000a\000s\000a\000r\000\040\000T\000e\000o\000r\000i\000\040\0002\000.\0003\000.\0001}{section.2.3}% 31
\BOOKMARK [2][-]{subsection.2.3.2}{\376\377\000S\000u\000b\000\040\000D\000a\000s\000a\000r\000\040\000T\000e\000o\000r\000i\000\040\0002\000.\0003\000.\0002}{section.2.3}% 32
\BOOKMARK [2][-]{subsection.2.3.3}{\376\377\000S\000u\000b\000\040\000D\000a\000s\000a\000r\000\040\000T\000e\000o\000r\000i\000\040\0002\000.\0003\000.\0003}{section.2.3}% 33
\BOOKMARK [1][-]{section.2.4}{\376\377\000D\000a\000s\000a\000r\000\040\000T\000e\000o\000r\000i\000\040\0002\000.\0004}{chapter.2}% 34
\BOOKMARK [2][-]{subsection.2.4.1}{\376\377\000S\000u\000b\000\040\000D\000a\000s\000a\000r\000\040\000T\000e\000o\000r\000i\000\040\0002\000.\0004\000.\0001}{section.2.4}% 35
\BOOKMARK [2][-]{subsection.2.4.2}{\376\377\000S\000u\000b\000\040\000D\000a\000s\000a\000r\000\040\000T\000e\000o\000r\000i\000\040\0002\000.\0004\000.\0002}{section.2.4}% 36
\BOOKMARK [2][-]{subsection.2.4.3}{\376\377\000S\000u\000b\000\040\000D\000a\000s\000a\000r\000\040\000T\000e\000o\000r\000i\000\040\0002\000.\0004\000.\0003}{section.2.4}% 37
\BOOKMARK [1][-]{section.2.5}{\376\377\000D\000a\000s\000a\000r\000\040\000T\000e\000o\000r\000i\000\040\0002\000.\0005}{chapter.2}% 38
\BOOKMARK [2][-]{subsection.2.5.1}{\376\377\000S\000u\000b\000\040\000D\000a\000s\000a\000r\000\040\000T\000e\000o\000r\000i\000\040\0002\000.\0005\000.\0001}{section.2.5}% 39
\BOOKMARK [2][-]{subsection.2.5.2}{\376\377\000S\000u\000b\000\040\000D\000a\000s\000a\000r\000\040\000T\000e\000o\000r\000i\000\040\0002\000.\0005\000.\0002}{section.2.5}% 40
\BOOKMARK [2][-]{subsection.2.5.3}{\376\377\000S\000u\000b\000\040\000D\000a\000s\000a\000r\000\040\000T\000e\000o\000r\000i\000\040\0002\000.\0005\000.\0003}{section.2.5}% 41
\BOOKMARK [0][-]{chapter.3}{\376\377\000K\000O\000N\000S\000E\000P\000\040\000R\000A\000N\000C\000A\000N\000G\000A\000N\000\040\000/\000\040\000P\000R\000O\000D\000U\000K\000\040\000/\000\040\000J\000A\000S\000A\000\040\000/\000\040\000E\000V\000A\000L\000U\000A\000S\000I\000\040\000/\000\040\000P\000E\000N\000G\000U\000J\000I\000A\000N}{}% 42
\BOOKMARK [1][-]{section.3.1}{\376\377\000S\000e\000c\000t\000i\000o\000n\000\040\0003\000.\0001}{chapter.3}% 43
\BOOKMARK [2][-]{subsection.3.1.1}{\376\377\000S\000u\000b\000s\000e\000c\000t\000i\000o\000n\000\040\0003\000.\0001\000.\0001}{section.3.1}% 44
\BOOKMARK [2][-]{subsection.3.1.2}{\376\377\000S\000u\000b\000s\000e\000c\000t\000i\000o\000n\000\040\0003\000.\0001\000.\0002}{section.3.1}% 45
\BOOKMARK [2][-]{subsection.3.1.3}{\376\377\000S\000u\000b\000s\000e\000c\000t\000i\000o\000n\000\040\0003\000.\0001\000.\0003}{section.3.1}% 46
\BOOKMARK [1][-]{section.3.2}{\376\377\000M\000e\000n\000g\000e\000d\000i\000t\000\040\000d\000o\000k\000u\000m\000e\000n\000\040\000L\000a\000T\000e\000X}{chapter.3}% 47
\BOOKMARK [2][-]{subsection.3.2.1}{\376\377\000M\000e\000n\000a\000m\000b\000a\000h\000k\000a\000n\000\040\000G\000a\000m\000b\000a\000r}{section.3.2}% 48
\BOOKMARK [2][-]{subsection.3.2.2}{\376\377\000M\000e\000m\000b\000u\000a\000t\000\040\000T\000a\000b\000e\000l}{section.3.2}% 49
\BOOKMARK [2][-]{subsection.3.2.3}{\376\377\000M\000e\000n\000a\000m\000b\000a\000h\000k\000a\000n\000\040\000l\000i\000s\000t\000i\000n\000g\000\040\000K\000o\000d\000e\000\040\000P\000r\000o\000g\000r\000a\000m}{section.3.2}% 50
\BOOKMARK [2][-]{subsection.3.2.4}{\376\377\000M\000e\000n\000a\000m\000b\000a\000h\000k\000a\000n\000\040\000P\000e\000r\000s\000a\000m\000a\000a\000n}{section.3.2}% 51
\BOOKMARK [2][-]{subsection.3.2.5}{\376\377\000R\000e\000f\000e\000r\000e\000n\000s\000i\000\040\000d\000a\000n\000\040\000S\000i\000t\000a\000s\000i}{section.3.2}% 52
\BOOKMARK [1][-]{section.3.3}{\376\377\000S\000e\000c\000t\000i\000o\000n\000\040\0003\000.\0003}{chapter.3}% 53
\BOOKMARK [2][-]{subsection.3.3.1}{\376\377\000S\000u\000b\000s\000e\000c\000t\000i\000o\000n\000\040\0003\000.\0003\000.\0001}{section.3.3}% 54
\BOOKMARK [2][-]{subsection.3.3.2}{\376\377\000S\000u\000b\000s\000e\000c\000t\000i\000o\000n\000\040\0003\000.\0003\000.\0002}{section.3.3}% 55
\BOOKMARK [2][-]{subsection.3.3.3}{\376\377\000S\000u\000b\000s\000e\000c\000t\000i\000o\000n\000\040\0003\000.\0003\000.\0003}{section.3.3}% 56
\BOOKMARK [1][-]{section.3.4}{\376\377\000S\000e\000c\000t\000i\000o\000n\000\040\0003\000.\0004}{chapter.3}% 57
\BOOKMARK [2][-]{subsection.3.4.1}{\376\377\000S\000u\000b\000s\000e\000c\000t\000i\000o\000n\000\040\0003\000.\0004\000.\0001}{section.3.4}% 58
\BOOKMARK [2][-]{subsection.3.4.2}{\376\377\000S\000u\000b\000s\000e\000c\000t\000i\000o\000n\000\040\0003\000.\0004\000.\0002}{section.3.4}% 59
\BOOKMARK [2][-]{subsection.3.4.3}{\376\377\000S\000u\000b\000s\000e\000c\000t\000i\000o\000n\000\040\0003\000.\0004\000.\0003}{section.3.4}% 60
\BOOKMARK [1][-]{section.3.5}{\376\377\000S\000e\000c\000t\000i\000o\000n\000\040\0003\000.\0005}{chapter.3}% 61
\BOOKMARK [2][-]{subsection.3.5.1}{\376\377\000S\000u\000b\000s\000e\000c\000t\000i\000o\000n\000\040\0003\000.\0005\000.\0001}{section.3.5}% 62
\BOOKMARK [2][-]{subsection.3.5.2}{\376\377\000S\000u\000b\000s\000e\000c\000t\000i\000o\000n\000\040\0003\000.\0005\000.\0002}{section.3.5}% 63
\BOOKMARK [2][-]{subsection.3.5.3}{\376\377\000S\000u\000b\000s\000e\000c\000t\000i\000o\000n\000\040\0003\000.\0005\000.\0003}{section.3.5}% 64
\BOOKMARK [0][-]{chapter.4}{\376\377\000P\000R\000O\000S\000E\000S\000,\000\040\000H\000A\000S\000I\000L\000,\000\040\000P\000E\000M\000B\000A\000H\000A\000S\000A\000N}{}% 65
\BOOKMARK [1][-]{section.4.1}{\376\377\000S\000e\000c\000t\000i\000o\000n\000\040\0004\000.\0001}{chapter.4}% 66
\BOOKMARK [2][-]{subsection.4.1.1}{\376\377\000S\000u\000b\000s\000e\000c\000t\000i\000o\000n\000\040\0004\000.\0001\000.\0001}{section.4.1}% 67
\BOOKMARK [2][-]{subsection.4.1.2}{\376\377\000S\000u\000b\000s\000e\000c\000t\000i\000o\000n\000\040\0004\000.\0001\000.\0002}{section.4.1}% 68
\BOOKMARK [2][-]{subsection.4.1.3}{\376\377\000S\000u\000b\000s\000e\000c\000t\000i\000o\000n\000\040\0004\000.\0001\000.\0003}{section.4.1}% 69
\BOOKMARK [1][-]{section.4.2}{\376\377\000S\000e\000c\000t\000i\000o\000n\000\040\0004\000.\0002}{chapter.4}% 70
\BOOKMARK [2][-]{subsection.4.2.1}{\376\377\000S\000u\000b\000s\000e\000c\000t\000i\000o\000n\000\040\0004\000.\0002\000.\0001}{section.4.2}% 71
\BOOKMARK [2][-]{subsection.4.2.2}{\376\377\000S\000u\000b\000s\000e\000c\000t\000i\000o\000n\000\040\0004\000.\0002\000.\0002}{section.4.2}% 72
\BOOKMARK [2][-]{subsection.4.2.3}{\376\377\000S\000u\000b\000s\000e\000c\000t\000i\000o\000n\000\040\0004\000.\0002\000.\0003}{section.4.2}% 73
\BOOKMARK [1][-]{section.4.3}{\376\377\000S\000e\000c\000t\000i\000o\000n\000\040\0004\000.\0003}{chapter.4}% 74
\BOOKMARK [2][-]{subsection.4.3.1}{\376\377\000S\000u\000b\000s\000e\000c\000t\000i\000o\000n\000\040\0004\000.\0004\000.\0001}{section.4.3}% 75
\BOOKMARK [2][-]{subsection.4.3.2}{\376\377\000S\000u\000b\000s\000e\000c\000t\000i\000o\000n\000\040\0004\000.\0004\000.\0002}{section.4.3}% 76
\BOOKMARK [2][-]{subsection.4.3.3}{\376\377\000S\000u\000b\000s\000e\000c\000t\000i\000o\000n\000\040\0004\000.\0003\000.\0003}{section.4.3}% 77
\BOOKMARK [1][-]{section.4.4}{\376\377\000S\000e\000c\000t\000i\000o\000n\000\040\0004\000.\0004}{chapter.4}% 78
\BOOKMARK [2][-]{subsection.4.4.1}{\376\377\000S\000u\000b\000s\000e\000c\000t\000i\000o\000n\000\040\0004\000.\0004\000.\0001}{section.4.4}% 79
\BOOKMARK [2][-]{subsection.4.4.2}{\376\377\000S\000u\000b\000s\000e\000c\000t\000i\000o\000n\000\040\0004\000.\0004\000.\0002}{section.4.4}% 80
\BOOKMARK [2][-]{subsection.4.4.3}{\376\377\000S\000u\000b\000s\000e\000c\000t\000i\000o\000n\000\040\0004\000.\0004\000.\0003}{section.4.4}% 81
\BOOKMARK [1][-]{section.4.5}{\376\377\000S\000e\000c\000t\000i\000o\000n\000\040\0004\000.\0005}{chapter.4}% 82
\BOOKMARK [2][-]{subsection.4.5.1}{\376\377\000S\000u\000b\000s\000e\000c\000t\000i\000o\000n\000\040\0004\000.\0005\000.\0001}{section.4.5}% 83
\BOOKMARK [2][-]{subsection.4.5.2}{\376\377\000S\000u\000b\000s\000e\000c\000t\000i\000o\000n\000\040\0004\000.\0005\000.\0002}{section.4.5}% 84
\BOOKMARK [2][-]{subsection.4.5.3}{\376\377\000S\000u\000b\000s\000e\000c\000t\000i\000o\000n\000\040\0004\000.\0005\000.\0003}{section.4.5}% 85
\BOOKMARK [0][-]{chapter.5}{\376\377\000S\000I\000M\000P\000U\000L\000A\000N\000\040\000D\000A\000N\000\040\000S\000A\000R\000A\000N}{}% 86
\BOOKMARK [1][-]{section.5.1}{\376\377\000S\000i\000m\000p\000u\000l\000a\000n}{chapter.5}% 87
\BOOKMARK [1][-]{section.5.2}{\376\377\000S\000a\000r\000a\000n}{chapter.5}% 88
\BOOKMARK [0][-]{section*.19}{\376\377\000D\000A\000F\000T\000A\000R\000\040\000P\000U\000S\000T\000A\000K\000A}{}% 89
\BOOKMARK [0][-]{appendix*.21}{\376\377\000L\000A\000M\000P\000I\000R\000A\000N\000\040\000A\000\040\000K\000O\000D\000E\000\040\000P\000R\000O\000G\000R\000A\000M}{}% 90
\BOOKMARK [0][-]{appendix*.22}{\376\377\000L\000A\000M\000P\000I\000R\000A\000N\000\040\000B\000\040\000G\000A\000M\000B\000A\000R\000-\000G\000A\000M\000B\000A\000R}{}% 91
